Info: CustomCategory:visao_geral_do_paweb: 63 mini seconds publishing element
Info: DeliveryProcess:PAWEB: 484 mini seconds publishing element
Info: DeliveryProcess:PAWEB: 2469 mini seconds publishing process specific layout data
Info: Phase:Concepção: 219 mini seconds publishing element
Info: Activity:requisitos_concepcao: 156 mini seconds publishing element
Info: TaskDescriptor:1_definir_projeto: 15 mini seconds publishing element
Info: TaskDescriptor:2_definir_escopo: 0 mini seconds publishing element
Info: TaskDescriptor:3_definir_funcionalidades: 16 mini seconds publishing element
Info: TaskDescriptor:4_dividir_em_cdus: 16 mini seconds publishing element
Info: TaskDescriptor:6_descrever_cdus: 15 mini seconds publishing element
Info: Activity:analise_projeto_concepcao: 78 mini seconds publishing element
Info: TaskDescriptor:7_analisar_mod_cdu: 0 mini seconds publishing element
Info: Activity:impl_testes_concepcao: 110 mini seconds publishing element
Info: TaskDescriptor:10_confeccionar_prototipo: 31 mini seconds publishing element
Info: Activity:gerencia_concepcao: 141 mini seconds publishing element
Info: TaskDescriptor:10_Planejar_reunioes_equipe: 0 mini seconds publishing element
Info: TaskDescriptor:11_executar_reuniao_com_equipe: 15 mini seconds publishing element
Info: TaskDescriptor:12_apresentar_artefatos: 0 mini seconds publishing element
Info: TaskDescriptor:15_desenvolver_plan_iteracao: 32 mini seconds publishing element
Info: Phase:Elaboração: 171 mini seconds publishing element
Info: Activity:requisitos_elaboracao: 250 mini seconds publishing element
Info: TaskDescriptor:1_escolher_cdus: 16 mini seconds publishing element
Info: TaskDescriptor:0_detalhar_cdu: 0 mini seconds publishing element
Info: TaskDescriptor:4_identificar_mudancas_requisitos: 16 mini seconds publishing element
Info: TaskDescriptor:5_atualizar_diagramas_cdus_classes: 15 mini seconds publishing element
Info: TaskDescriptor:10_realizar_analise_e_projeto: 0 mini seconds publishing element
Info: Activity:analise_projeto_elaboracao: 94 mini seconds publishing element
Info: TaskDescriptor:7_elaborar_diagrama_de_interacao: 31 mini seconds publishing element
Info: Activity:impl_testes_elaboracao: 78 mini seconds publishing element
Info: TaskDescriptor:escolher_caso_de_uso_para_validar_a_tecnologia: 16 mini seconds publishing element
Info: TaskDescriptor:2_Implementar_cdu_escolhido: 0 mini seconds publishing element
Info: Activity:gerencia_elaboracao: 141 mini seconds publishing element
Info: TaskDescriptor:12_apresentar_artefatos: 0 mini seconds publishing element
Info: TaskDescriptor:10_Planejar_reunioes_equipe: 15 mini seconds publishing element
Info: TaskDescriptor:11_executar_reuniao_com_equipe: 16 mini seconds publishing element
Info: TaskDescriptor:15_desenvolver_plan_iteracao: 16 mini seconds publishing element
Info: Phase:Construção: 156 mini seconds publishing element
Info: Activity:requisitos_construcao: 219 mini seconds publishing element
Info: TaskDescriptor:1_escolher_cdus: 15 mini seconds publishing element
Info: TaskDescriptor:0_detalhar_cdu: 16 mini seconds publishing element
Info: TaskDescriptor:4_identificar_mudancas_requisitos: 15 mini seconds publishing element
Info: TaskDescriptor:5_atualizar_diagramas_cdus_classes: 0 mini seconds publishing element
Info: TaskDescriptor:10_realizar_analise_e_projeto: 16 mini seconds publishing element
Info: Activity:analise_projeto_construcao: 63 mini seconds publishing element
Info: TaskDescriptor:7_elaborar_diagrama_de_interacao: 15 mini seconds publishing element
Info: Activity:impl_testes_construcao: 94 mini seconds publishing element
Info: TaskDescriptor:1.a_eslher_cdus: 16 mini seconds publishing element
Info: TaskDescriptor:11_implementar_cdu: 15 mini seconds publishing element
Info: TaskDescriptor:12_executar_implementacao: 16 mini seconds publishing element
Info: Activity:gerencia_construcao: 234 mini seconds publishing element
Info: TaskDescriptor:12_apresentar_artefatos: 0 mini seconds publishing element
Info: TaskDescriptor:10_Planejar_reunioes_equipe: 16 mini seconds publishing element
Info: TaskDescriptor:11_executar_reuniao_com_equipe: 15 mini seconds publishing element
Info: TaskDescriptor:15_desenvolver_plan_iteracao: 16 mini seconds publishing element
Info: Phase:Validação: 125 mini seconds publishing element
Info: Activity:requisitos_validacao: 266 mini seconds publishing element
Info: TaskDescriptor:9_realiza_analise_evolutiva: 15 mini seconds publishing element
Info: TaskDescriptor:10_realizar_analise_e_projeto_construcao: 16 mini seconds publishing element
Info: Activity:impl_testes_validacao: 406 mini seconds publishing element
Info: TaskDescriptor:1_planejar_testes: 0 mini seconds publishing element
Info: TaskDescriptor:2_executar_testes: 16 mini seconds publishing element
Info: TaskDescriptor:3_verificar_necessidade_de_remodelagem: 0 mini seconds publishing element
Info: TaskDescriptor:4_implementar_correcoes: 16 mini seconds publishing element
Info: TaskDescriptor:5_iniciar_alteracoes_de_modelagem: 16 mini seconds publishing element
Info: TaskDescriptor:6_executar_build: 15 mini seconds publishing element
Info: Activity:gerencia_validacao: 360 mini seconds publishing element
Info: TaskDescriptor:15_desenvolver_plan_iteracao: 15 mini seconds publishing element
Info: TaskDescriptor:26_comemoracao_fim: 16 mini seconds publishing element
Info: TaskDescriptor:11_executar_reuniao_com_equipe: 0 mini seconds publishing element
Info: TaskDescriptor:10_Planejar_reunioes_equipe: 16 mini seconds publishing element
Info: CustomCategory:atividades do processo: 15 mini seconds publishing element
Info: DisciplineGrouping:disciplinas_concepcao: 16 mini seconds publishing element
Info: Discipline:requisitos: 15 mini seconds publishing element
Info: Task:1_definir_projeto: 250 mini seconds publishing element
Info: Task:2_definir_escopo: 16 mini seconds publishing element
Info: Task:3_definir_funcionalidades: 16 mini seconds publishing element
Info: Task:6_descrever_cdus: 15 mini seconds publishing element
Info: Task:4_dividir_em_cdus: 32 mini seconds publishing element
Info: Discipline:analise_e_projeto: 0 mini seconds publishing element
Info: Task:7_analisar_mod_cdu: 15 mini seconds publishing element
Info: Task:8_reunir_equipe: 16 mini seconds publishing element
Info: Discipline:impl_: 15 mini seconds publishing element
Info: Task:10_confeccionar_prototipo: 16 mini seconds publishing element
Info: DisciplineGrouping:disciplinas_elaboracao: 16 mini seconds publishing element
Info: Discipline:requisitos_elaboracao: 15 mini seconds publishing element
Info: Task:5_atualizar_diagramas_cdus_classes: 16 mini seconds publishing element
Info: Task:1_escolher_cdus: 0 mini seconds publishing element
Info: Task:4_identificar_mudancas_requisitos: 16 mini seconds publishing element
Info: Task:2_Implementar_cdu_escolhido: 15 mini seconds publishing element
Info: Task:10_realizar_analise_e_projeto: 16 mini seconds publishing element
Info: Discipline:analise_elaboracao: 15 mini seconds publishing element
Info: Task:7_elaborar_diagrama_de_interacao: 16 mini seconds publishing element
Info: Task:11_implementar_cdu: 16 mini seconds publishing element
Info: Discipline:impl_elaboracao: 0 mini seconds publishing element
Info: DisciplineGrouping:disciplinas_construcao: 15 mini seconds publishing element
Info: Discipline:requisitos_construcao: 16 mini seconds publishing element
Info: Task:0_detalhar_cdu: 16 mini seconds publishing element
Info: Discipline:analise_construcao: 0 mini seconds publishing element
Info: Task:12_executar_implementacao: 15 mini seconds publishing element
Info: Discipline:impl_construcao: 16 mini seconds publishing element
Info: DisciplineGrouping:disciplinas_validacao: 0 mini seconds publishing element
Info: Discipline:requisitos_validacao: 15 mini seconds publishing element
Info: Discipline:impl_validacao: 0 mini seconds publishing element
Info: Task:6_executar_build: 16 mini seconds publishing element
Info: Task:2_executar_testes: 16 mini seconds publishing element
Info: Task:4_implementar_correcoes: 15 mini seconds publishing element
Info: Task:5_iniciar_alteracoes_de_modelagem: 16 mini seconds publishing element
Info: Task:1_planejar_testes: 0 mini seconds publishing element
Info: Task:3_verificar_necessidade_de_remodelagem: 31 mini seconds publishing element
Info: CustomCategory:role_sets: 0 mini seconds publishing element
Info: RoleSet:analise: 16 mini seconds publishing element
Info: : 1609 mini-second(s) publishing element Role:analista[PAWEB\roles\analista_64D8867D.html]
Info: Role:analista: 1640 mini seconds publishing element
Info: Task:escolher_caso_de_uso_para_validar_a_tecnologia: 0 mini seconds publishing element
Info: Task:10_realizar_analise_e_projeto_construcao: 16 mini seconds publishing element
Info: Task:9_realiza_analise_evolutiva: 0 mini seconds publishing element
Info: Task:26_comemoracao_fim: 16 mini seconds publishing element
Info: Task:15_desenvolver_plan_iteracao: 31 mini seconds publishing element
Info: Task:1.a_eslher_cdus: 16 mini seconds publishing element
Info: Task:11_executar_reuniao_com_equipe: 31 mini seconds publishing element
Info: Artifact:diagrama_geral_cdus: 47 mini seconds publishing element
Info: Artifact:doc_visao: 62 mini seconds publishing element
Info: Example:exemplo_diagrama_geral_cdus: 31 mini seconds publishing element
Info: Template:modelo_doc_visao: 188 mini seconds publishing element
Info: Artifact:diagrama_de_classes: 16 mini seconds publishing element
Info: Artifact:diagrama_interacao: 31 mini seconds publishing element
Info: Artifact:especificacao_cdu: 31 mini seconds publishing element
Info: Example:exemplo_diagrama_classes: 16 mini seconds publishing element
Info: Example:exemplo_diagrama_interacao: 31 mini seconds publishing element
Info: Template:modelo_especificacao_cdu: 16 mini seconds publishing element
Info: Role:stakeholders: 31 mini seconds publishing element
Info: RoleSet:implementacao: 15 mini seconds publishing element
Info: Role:designer: 125 mini seconds publishing element
Info: Artifact:prototipo_de_telas: 47 mini seconds publishing element
Info: Role:implementador_: 110 mini seconds publishing element
Info: Artifact:codigos_fontes: 31 mini seconds publishing element
Info: RoleSet:lideranca: 16 mini seconds publishing element
Info: Role:lider: 78 mini seconds publishing element
Info: Task:12_apresentar_artefatos: 15 mini seconds publishing element
Info: Task:18_apresentar_implementacao: 16 mini seconds publishing element
Info: Task:10_Planejar_reunioes_equipe: 31 mini seconds publishing element
Info: Artifact:ata_de_reunio: 31 mini seconds publishing element
Info: Template:modelo_ata: 94 mini seconds publishing element
Info: CustomCategory:artefatos: 16 mini seconds publishing element
Info: WorkProductType:codigos_fontes: 0 mini seconds publishing element
Info: WorkProductType:diagramas_uml: 47 mini seconds publishing element
Info: WorkProductType:documentos_texto: 0 mini seconds publishing element
Info: WorkProductType:imagem_html: 31 mini seconds publishing element
Info: ToolMentor:ms_project: 31 mini seconds publishing element
Info: RoleDescriptor:analista: 266 mini seconds publishing element
Info: RoleDescriptor:designer: 15 mini seconds publishing element
Info: RoleDescriptor:implementador_: 16 mini seconds publishing element
Info: RoleDescriptor:lider: 31 mini seconds publishing element
Info: RoleDescriptor:stakeholders: 16 mini seconds publishing element
Info: WorkProductDescriptor:ata_de_reunio: 16 mini seconds publishing element
Info: WorkProductDescriptor:codigos_fontes: 31 mini seconds publishing element
Info: WorkProductDescriptor:diagrama_de_classes: 15 mini seconds publishing element
Info: WorkProductDescriptor:diagrama_interacao: 16 mini seconds publishing element
Info: WorkProductDescriptor:diagrama_geral_cdus: 0 mini seconds publishing element
Info: WorkProductDescriptor:doc_visao: 31 mini seconds publishing element
Info: WorkProductDescriptor:especificacao_cdu: 32 mini seconds publishing element
Info: WorkProductDescriptor:prototipo_de_telas: 0 mini seconds publishing element
Info: RoleDescriptor:analista: 31 mini seconds publishing element
Info: WorkProductDescriptor:diagrama_geral_cdus: 0 mini seconds publishing element
Info: WorkProductDescriptor:doc_visao: 15 mini seconds publishing element
Info: RoleDescriptor:analista: 16 mini seconds publishing element
Info: RoleDescriptor:designer: 16 mini seconds publishing element
Info: WorkProductDescriptor:diagrama_geral_cdus: 15 mini seconds publishing element
Info: WorkProductDescriptor:doc_visao: 0 mini seconds publishing element
Info: WorkProductDescriptor:prototipo_de_telas: 16 mini seconds publishing element
Info: RoleDescriptor:analista: 31 mini seconds publishing element
Info: RoleDescriptor:designer: 0 mini seconds publishing element
Info: RoleDescriptor:implementador_: 16 mini seconds publishing element
Info: RoleDescriptor:lider: 15 mini seconds publishing element
Info: WorkProductDescriptor:ata_de_reunio: 0 mini seconds publishing element
Info: WorkProductDescriptor:codigos_fontes: 0 mini seconds publishing element
Info: WorkProductDescriptor:diagrama_geral_cdus: 31 mini seconds publishing element
Info: WorkProductDescriptor:doc_visao: 0 mini seconds publishing element
Info: WorkProductDescriptor:prototipo_de_telas: 16 mini seconds publishing element
Info: RoleDescriptor:analista: 16 mini seconds publishing element
Info: WorkProductDescriptor:diagrama_geral_cdus: 0 mini seconds publishing element
Info: WorkProductDescriptor:doc_visao: 0 mini seconds publishing element
Info: WorkProductDescriptor:especificacao_cdu: 16 mini seconds publishing element
Info: RoleDescriptor:analista: 15 mini seconds publishing element
Info: RoleDescriptor:implementador_: 16 mini seconds publishing element
Info: WorkProductDescriptor:codigos_fontes: 16 mini seconds publishing element
Info: WorkProductDescriptor:diagrama_geral_cdus: 0 mini seconds publishing element
Info: WorkProductDescriptor:doc_visao: 31 mini seconds publishing element
Info: WorkProductDescriptor:especificacao_cdu: 0 mini seconds publishing element
Info: RoleDescriptor:analista: 16 mini seconds publishing element
Info: RoleDescriptor:implementador_: 15 mini seconds publishing element
Info: RoleDescriptor:lider: 16 mini seconds publishing element
Info: WorkProductDescriptor:ata_de_reunio: 15 mini seconds publishing element
Info: WorkProductDescriptor:codigos_fontes: 0 mini seconds publishing element
Info: WorkProductDescriptor:diagrama_geral_cdus: 16 mini seconds publishing element
Info: WorkProductDescriptor:doc_visao: 16 mini seconds publishing element
Info: RoleDescriptor:analista: 15 mini seconds publishing element
Info: RoleDescriptor:designer: 16 mini seconds publishing element
Info: RoleDescriptor:implementador_: 0 mini seconds publishing element
Info: RoleDescriptor:lider: 16 mini seconds publishing element
Info: WorkProductDescriptor:ata_de_reunio: 15 mini seconds publishing element
Info: WorkProductDescriptor:codigos_fontes: 16 mini seconds publishing element
Info: WorkProductDescriptor:diagrama_de_classes: 0 mini seconds publishing element
Info: WorkProductDescriptor:diagrama_interacao: 15 mini seconds publishing element
Info: WorkProductDescriptor:diagrama_geral_cdus: 16 mini seconds publishing element
Info: WorkProductDescriptor:doc_visao: 16 mini seconds publishing element
Info: WorkProductDescriptor:especificacao_cdu: 31 mini seconds publishing element
Info: WorkProductDescriptor:prototipo_de_telas: 16 mini seconds publishing element
Info: RoleDescriptor:analista: 15 mini seconds publishing element
Info: WorkProductDescriptor:diagrama_geral_cdus: 16 mini seconds publishing element
Info: WorkProductDescriptor:doc_visao: 0 mini seconds publishing element
Info: WorkProductDescriptor:especificacao_cdu: 15 mini seconds publishing element
Info: RoleDescriptor:analista: 32 mini seconds publishing element
Info: RoleDescriptor:implementador_: 15 mini seconds publishing element
Info: WorkProductDescriptor:codigos_fontes: 0 mini seconds publishing element
Info: WorkProductDescriptor:diagrama_de_classes: 16 mini seconds publishing element
Info: WorkProductDescriptor:diagrama_interacao: 16 mini seconds publishing element
Info: WorkProductDescriptor:diagrama_geral_cdus: 0 mini seconds publishing element
Info: WorkProductDescriptor:doc_visao: 15 mini seconds publishing element
Info: WorkProductDescriptor:especificacao_cdu: 16 mini seconds publishing element
Info: RoleDescriptor:analista: 15 mini seconds publishing element
Info: RoleDescriptor:implementador_: 16 mini seconds publishing element
Info: RoleDescriptor:lider: 16 mini seconds publishing element
Info: WorkProductDescriptor:ata_de_reunio: 15 mini seconds publishing element
Info: WorkProductDescriptor:codigos_fontes: 0 mini seconds publishing element
Info: WorkProductDescriptor:diagrama_geral_cdus: 16 mini seconds publishing element
Info: WorkProductDescriptor:doc_visao: 16 mini seconds publishing element
Info: RoleDescriptor:analista: 15 mini seconds publishing element
Info: RoleDescriptor:designer: 16 mini seconds publishing element
Info: RoleDescriptor:implementador_: 15 mini seconds publishing element
Info: RoleDescriptor:lider: 16 mini seconds publishing element
Info: RoleDescriptor:stakeholders: 16 mini seconds publishing element
Info: WorkProductDescriptor:ata_de_reunio: 0 mini seconds publishing element
Info: WorkProductDescriptor:codigos_fontes: 15 mini seconds publishing element
Info: WorkProductDescriptor:diagrama_de_classes: 0 mini seconds publishing element
Info: WorkProductDescriptor:diagrama_interacao: 16 mini seconds publishing element
Info: WorkProductDescriptor:diagrama_geral_cdus: 0 mini seconds publishing element
Info: WorkProductDescriptor:doc_visao: 15 mini seconds publishing element
Info: WorkProductDescriptor:especificacao_cdu: 16 mini seconds publishing element
Info: WorkProductDescriptor:prototipo_de_telas: 0 mini seconds publishing element
Info: RoleDescriptor:analista: 31 mini seconds publishing element
Info: WorkProductDescriptor:diagrama_geral_cdus: 16 mini seconds publishing element
Info: WorkProductDescriptor:doc_visao: 0 mini seconds publishing element
Info: RoleDescriptor:analista: 15 mini seconds publishing element
Info: RoleDescriptor:implementador_: 16 mini seconds publishing element
Info: WorkProductDescriptor:codigos_fontes: 31 mini seconds publishing element
Info: WorkProductDescriptor:diagrama_geral_cdus: 0 mini seconds publishing element
Info: WorkProductDescriptor:doc_visao: 16 mini seconds publishing element
Info: Domain:construcao_domaisn: 15 mini seconds publishing element
Info: Domain:elaboracao_domain: 16 mini seconds publishing element
Info: Domain:concepcao_domain: 31 mini seconds publishing element
Info: Domain:validacao_domain: 0 mini seconds publishing element
Info: : Publishing time: 0 minutes 15 seconds
