Warning: DeliveryProcess:PAWEB: missing resource file './../../PAWEB/deliveryprocesses/Concep&ccedil;&atilde;o_757F1E16.html'
Warning: DeliveryProcess:PAWEB: missing resource file './../../PAWEB/deliveryprocesses/Elabora&ccedil;&atilde;o_24FFB03.html'
Warning: DeliveryProcess:PAWEB: missing resource file './../../PAWEB/deliveryprocesses/Constru&ccedil;&atilde;o_4F1185A4.html'
Warning: DeliveryProcess:PAWEB: missing resource file './../../PAWEB/deliveryprocesses/Valida&ccedil;&atilde;o_A351A7F4.html'
Warning: DeliveryProcess:PAWEB: missing resource file './../../PAWEB/deliveryprocesses/Concep&ccedil;&atilde;o_757F1E16.html'
Warning: DeliveryProcess:PAWEB: missing resource file './../../PAWEB/deliveryprocesses/Elabora&ccedil;&atilde;o_24FFB03.html'
Warning: DeliveryProcess:PAWEB: missing resource file './../../PAWEB/deliveryprocesses/Constru&ccedil;&atilde;o_4F1185A4.html'
Warning: DeliveryProcess:PAWEB: missing resource file './../../PAWEB/deliveryprocesses/Valida&ccedil;&atilde;o_A351A7F4.html'
Warning: Phase:Concepção: missing resource file './../../PAWEB/deliveryprocesses/resources/Concep&ccedil;&atilde;o_757F1E16_Activity.jpeg'
Warning: Phase:Concepção: missing resource file './../../PAWEB/deliveryprocesses/resources/Concep&ccedil;&atilde;o_757F1E16_Activity.jpeg'
Warning: Activity:requisitos_concepcao: missing resource file './../../PAWEB/deliveryprocesses/Concep&ccedil;&atilde;o_757F1E16.html'
Warning: Activity:analise_projeto_concepcao: missing resource file './../../PAWEB/deliveryprocesses/Concep&ccedil;&atilde;o_757F1E16.html'
Warning: Activity:impl_testes_concepcao: missing resource file './../../PAWEB/deliveryprocesses/Concep&ccedil;&atilde;o_757F1E16.html'
Warning: Activity:gerencia_concepcao: missing resource file './../../PAWEB/deliveryprocesses/Concep&ccedil;&atilde;o_757F1E16.html'
Warning: Phase:Elaboração: missing resource file './../../PAWEB/deliveryprocesses/resources/Elabora&ccedil;&atilde;o_24FFB03_Activity.jpeg'
Warning: Phase:Elaboração: missing resource file './../../PAWEB/deliveryprocesses/resources/Elabora&ccedil;&atilde;o_24FFB03_Activity.jpeg'
Warning: Activity:requisitos_elaboracao: missing resource file './../../PAWEB/deliveryprocesses/Elabora&ccedil;&atilde;o_24FFB03.html'
Warning: Activity:analise_projeto_elaboracao: missing resource file './../../PAWEB/deliveryprocesses/Elabora&ccedil;&atilde;o_24FFB03.html'
Warning: Activity:impl_testes_elaboracao: missing resource file './../../PAWEB/deliveryprocesses/Elabora&ccedil;&atilde;o_24FFB03.html'
Warning: Activity:gerencia_elaboracao: missing resource file './../../PAWEB/deliveryprocesses/Elabora&ccedil;&atilde;o_24FFB03.html'
Warning: Phase:Construção: missing resource file './../../PAWEB/deliveryprocesses/resources/Constru&ccedil;&atilde;o_4F1185A4_Activity.jpeg'
Warning: Phase:Construção: missing resource file './../../PAWEB/deliveryprocesses/resources/Constru&ccedil;&atilde;o_4F1185A4_Activity.jpeg'
Warning: Activity:requisitos_construcao: missing resource file './../../PAWEB/deliveryprocesses/Constru&ccedil;&atilde;o_4F1185A4.html'
Warning: Activity:analise_projeto_construcao: missing resource file './../../PAWEB/deliveryprocesses/Constru&ccedil;&atilde;o_4F1185A4.html'
Warning: Activity:impl_testes_construcao: missing resource file './../../PAWEB/deliveryprocesses/Constru&ccedil;&atilde;o_4F1185A4.html'
Warning: Activity:gerencia_construcao: missing resource file './../../PAWEB/deliveryprocesses/Constru&ccedil;&atilde;o_4F1185A4.html'
Warning: Phase:Validação: missing resource file './../../PAWEB/deliveryprocesses/resources/Valida&ccedil;&atilde;o_A351A7F4_Activity.jpeg'
Warning: Phase:Validação: missing resource file './../../PAWEB/deliveryprocesses/resources/Valida&ccedil;&atilde;o_A351A7F4_Activity.jpeg'
Warning: Activity:requisitos_validacao: missing resource file './../../PAWEB/deliveryprocesses/Valida&ccedil;&atilde;o_A351A7F4.html'
Warning: Activity:impl_testes_validacao: missing resource file './../../PAWEB/deliveryprocesses/Valida&ccedil;&atilde;o_A351A7F4.html'
Warning: Activity:gerencia_validacao: missing resource file './../../PAWEB/deliveryprocesses/Valida&ccedil;&atilde;o_A351A7F4.html'
Warning: Task:1_definir_projeto: missing resource file './../../PAWEB/deliveryprocesses/Concep&ccedil;&atilde;o_757F1E16.html'
Warning: Task:2_definir_escopo: missing resource file './../../PAWEB/deliveryprocesses/Concep&ccedil;&atilde;o_757F1E16.html'
Warning: Task:3_definir_funcionalidades: missing resource file './../../PAWEB/deliveryprocesses/Concep&ccedil;&atilde;o_757F1E16.html'
Warning: Task:6_descrever_cdus: missing resource file './../../PAWEB/deliveryprocesses/Concep&ccedil;&atilde;o_757F1E16.html'
Warning: Task:4_dividir_em_cdus: missing resource file './../../PAWEB/deliveryprocesses/Concep&ccedil;&atilde;o_757F1E16.html'
Warning: Task:7_analisar_mod_cdu: missing resource file './../../PAWEB/deliveryprocesses/Concep&ccedil;&atilde;o_757F1E16.html'
Warning: Task:10_confeccionar_prototipo: missing resource file './../../PAWEB/deliveryprocesses/Concep&ccedil;&atilde;o_757F1E16.html'
Warning: Task:5_atualizar_diagramas_cdus_classes: missing resource file './../../PAWEB/deliveryprocesses/Elabora&ccedil;&atilde;o_24FFB03.html'
Warning: Task:5_atualizar_diagramas_cdus_classes: missing resource file './../../PAWEB/deliveryprocesses/Constru&ccedil;&atilde;o_4F1185A4.html'
Warning: Task:1_escolher_cdus: missing resource file './../../PAWEB/deliveryprocesses/Elabora&ccedil;&atilde;o_24FFB03.html'
Warning: Task:1_escolher_cdus: missing resource file './../../PAWEB/deliveryprocesses/Constru&ccedil;&atilde;o_4F1185A4.html'
Warning: Task:4_identificar_mudancas_requisitos: missing resource file './../../PAWEB/deliveryprocesses/Elabora&ccedil;&atilde;o_24FFB03.html'
Warning: Task:4_identificar_mudancas_requisitos: missing resource file './../../PAWEB/deliveryprocesses/Constru&ccedil;&atilde;o_4F1185A4.html'
Warning: Task:2_Implementar_cdu_escolhido: missing resource file './../../PAWEB/deliveryprocesses/Elabora&ccedil;&atilde;o_24FFB03.html'
Warning: Task:10_realizar_analise_e_projeto: missing resource file './../../PAWEB/deliveryprocesses/Elabora&ccedil;&atilde;o_24FFB03.html'
Warning: Task:10_realizar_analise_e_projeto: missing resource file './../../PAWEB/deliveryprocesses/Constru&ccedil;&atilde;o_4F1185A4.html'
Warning: Task:7_elaborar_diagrama_de_interacao: missing resource file './../../PAWEB/deliveryprocesses/Elabora&ccedil;&atilde;o_24FFB03.html'
Warning: Task:7_elaborar_diagrama_de_interacao: missing resource file './../../PAWEB/deliveryprocesses/Constru&ccedil;&atilde;o_4F1185A4.html'
Warning: Task:11_implementar_cdu: missing resource file './../../PAWEB/deliveryprocesses/Constru&ccedil;&atilde;o_4F1185A4.html'
Warning: Task:0_detalhar_cdu: missing resource file './../../PAWEB/deliveryprocesses/Elabora&ccedil;&atilde;o_24FFB03.html'
Warning: Task:0_detalhar_cdu: missing resource file './../../PAWEB/deliveryprocesses/Constru&ccedil;&atilde;o_4F1185A4.html'
Warning: Task:12_executar_implementacao: missing resource file './../../PAWEB/deliveryprocesses/Constru&ccedil;&atilde;o_4F1185A4.html'
Warning: Task:6_executar_build: missing resource file './../../PAWEB/deliveryprocesses/Valida&ccedil;&atilde;o_A351A7F4.html'
Warning: Task:2_executar_testes: missing resource file './../../PAWEB/deliveryprocesses/Valida&ccedil;&atilde;o_A351A7F4.html'
Warning: Task:4_implementar_correcoes: missing resource file './../../PAWEB/deliveryprocesses/Valida&ccedil;&atilde;o_A351A7F4.html'
Warning: Task:5_iniciar_alteracoes_de_modelagem: missing resource file './../../PAWEB/deliveryprocesses/Valida&ccedil;&atilde;o_A351A7F4.html'
Warning: Task:1_planejar_testes: missing resource file './../../PAWEB/deliveryprocesses/Valida&ccedil;&atilde;o_A351A7F4.html'
Warning: Task:3_verificar_necessidade_de_remodelagem: missing resource file './../../PAWEB/deliveryprocesses/Valida&ccedil;&atilde;o_A351A7F4.html'
Warning: Role:analista: missing resource file './../../PAWEB/deliveryprocesses/Concep&ccedil;&atilde;o_757F1E16.html'
Warning: Role:analista: missing resource file './../../PAWEB/deliveryprocesses/Elabora&ccedil;&atilde;o_24FFB03.html'
Warning: Role:analista: missing resource file './../../PAWEB/deliveryprocesses/Constru&ccedil;&atilde;o_4F1185A4.html'
Warning: Role:analista: missing resource file './../../PAWEB/deliveryprocesses/Valida&ccedil;&atilde;o_A351A7F4.html'
Warning: Task:escolher_caso_de_uso_para_validar_a_tecnologia: missing resource file './../../PAWEB/deliveryprocesses/Elabora&ccedil;&atilde;o_24FFB03.html'
Warning: Task:10_realizar_analise_e_projeto_construcao: missing resource file './../../PAWEB/deliveryprocesses/Valida&ccedil;&atilde;o_A351A7F4.html'
Warning: Task:9_realiza_analise_evolutiva: missing resource file './../../PAWEB/deliveryprocesses/Valida&ccedil;&atilde;o_A351A7F4.html'
Warning: Task:26_comemoracao_fim: missing resource file './../../PAWEB/deliveryprocesses/Valida&ccedil;&atilde;o_A351A7F4.html'
Warning: Task:15_desenvolver_plan_iteracao: missing resource file './../../PAWEB/deliveryprocesses/Concep&ccedil;&atilde;o_757F1E16.html'
Warning: Task:15_desenvolver_plan_iteracao: missing resource file './../../PAWEB/deliveryprocesses/Elabora&ccedil;&atilde;o_24FFB03.html'
Warning: Task:15_desenvolver_plan_iteracao: missing resource file './../../PAWEB/deliveryprocesses/Constru&ccedil;&atilde;o_4F1185A4.html'
Warning: Task:15_desenvolver_plan_iteracao: missing resource file './../../PAWEB/deliveryprocesses/Valida&ccedil;&atilde;o_A351A7F4.html'
Warning: Task:1.a_eslher_cdus: missing resource file './../../PAWEB/deliveryprocesses/Constru&ccedil;&atilde;o_4F1185A4.html'
Warning: Task:11_executar_reuniao_com_equipe: missing resource file './../../PAWEB/deliveryprocesses/Concep&ccedil;&atilde;o_757F1E16.html'
Warning: Task:11_executar_reuniao_com_equipe: missing resource file './../../PAWEB/deliveryprocesses/Elabora&ccedil;&atilde;o_24FFB03.html'
Warning: Task:11_executar_reuniao_com_equipe: missing resource file './../../PAWEB/deliveryprocesses/Constru&ccedil;&atilde;o_4F1185A4.html'
Warning: Task:11_executar_reuniao_com_equipe: missing resource file './../../PAWEB/deliveryprocesses/Valida&ccedil;&atilde;o_A351A7F4.html'
Warning: Artifact:diagrama_geral_cdus: missing resource file './../../PAWEB/deliveryprocesses/Concep&ccedil;&atilde;o_757F1E16.html'
Warning: Artifact:diagrama_geral_cdus: missing resource file './../../PAWEB/deliveryprocesses/Elabora&ccedil;&atilde;o_24FFB03.html'
Warning: Artifact:diagrama_geral_cdus: missing resource file './../../PAWEB/deliveryprocesses/Constru&ccedil;&atilde;o_4F1185A4.html'
Warning: Artifact:diagrama_geral_cdus: missing resource file './../../PAWEB/deliveryprocesses/Valida&ccedil;&atilde;o_A351A7F4.html'
Warning: Artifact:doc_visao: missing resource file './../../PAWEB/deliveryprocesses/Concep&ccedil;&atilde;o_757F1E16.html'
Warning: Artifact:doc_visao: missing resource file './../../PAWEB/deliveryprocesses/Elabora&ccedil;&atilde;o_24FFB03.html'
Warning: Artifact:doc_visao: missing resource file './../../PAWEB/deliveryprocesses/Constru&ccedil;&atilde;o_4F1185A4.html'
Warning: Artifact:doc_visao: missing resource file './../../PAWEB/deliveryprocesses/Valida&ccedil;&atilde;o_A351A7F4.html'
Warning: Artifact:diagrama_de_classes: missing resource file './../../PAWEB/deliveryprocesses/Elabora&ccedil;&atilde;o_24FFB03.html'
Warning: Artifact:diagrama_de_classes: missing resource file './../../PAWEB/deliveryprocesses/Constru&ccedil;&atilde;o_4F1185A4.html'
Warning: Artifact:diagrama_de_classes: missing resource file './../../PAWEB/deliveryprocesses/Valida&ccedil;&atilde;o_A351A7F4.html'
Warning: Artifact:diagrama_interacao: missing resource file './../../PAWEB/deliveryprocesses/Elabora&ccedil;&atilde;o_24FFB03.html'
Warning: Artifact:diagrama_interacao: missing resource file './../../PAWEB/deliveryprocesses/Constru&ccedil;&atilde;o_4F1185A4.html'
Warning: Artifact:diagrama_interacao: missing resource file './../../PAWEB/deliveryprocesses/Valida&ccedil;&atilde;o_A351A7F4.html'
Warning: Artifact:especificacao_cdu: missing resource file './../../PAWEB/deliveryprocesses/Elabora&ccedil;&atilde;o_24FFB03.html'
Warning: Artifact:especificacao_cdu: missing resource file './../../PAWEB/deliveryprocesses/Constru&ccedil;&atilde;o_4F1185A4.html'
Warning: Artifact:especificacao_cdu: missing resource file './../../PAWEB/deliveryprocesses/Valida&ccedil;&atilde;o_A351A7F4.html'
Warning: Role:stakeholders: missing resource file './../../PAWEB/deliveryprocesses/Concep&ccedil;&atilde;o_757F1E16.html'
Warning: Role:stakeholders: missing resource file './../../PAWEB/deliveryprocesses/Valida&ccedil;&atilde;o_A351A7F4.html'
Warning: Role:designer: missing resource file './../../PAWEB/deliveryprocesses/Concep&ccedil;&atilde;o_757F1E16.html'
Warning: Role:designer: missing resource file './../../PAWEB/deliveryprocesses/Elabora&ccedil;&atilde;o_24FFB03.html'
Warning: Role:designer: missing resource file './../../PAWEB/deliveryprocesses/Constru&ccedil;&atilde;o_4F1185A4.html'
Warning: Role:designer: missing resource file './../../PAWEB/deliveryprocesses/Valida&ccedil;&atilde;o_A351A7F4.html'
Warning: Artifact:prototipo_de_telas: missing resource file './../../PAWEB/deliveryprocesses/Concep&ccedil;&atilde;o_757F1E16.html'
Warning: Artifact:prototipo_de_telas: missing resource file './../../PAWEB/deliveryprocesses/Elabora&ccedil;&atilde;o_24FFB03.html'
Warning: Artifact:prototipo_de_telas: missing resource file './../../PAWEB/deliveryprocesses/Constru&ccedil;&atilde;o_4F1185A4.html'
Warning: Artifact:prototipo_de_telas: missing resource file './../../PAWEB/deliveryprocesses/Valida&ccedil;&atilde;o_A351A7F4.html'
Warning: Role:implementador_: missing resource file './../../PAWEB/deliveryprocesses/Concep&ccedil;&atilde;o_757F1E16.html'
Warning: Role:implementador_: missing resource file './../../PAWEB/deliveryprocesses/Elabora&ccedil;&atilde;o_24FFB03.html'
Warning: Role:implementador_: missing resource file './../../PAWEB/deliveryprocesses/Constru&ccedil;&atilde;o_4F1185A4.html'
Warning: Role:implementador_: missing resource file './../../PAWEB/deliveryprocesses/Valida&ccedil;&atilde;o_A351A7F4.html'
Warning: Artifact:codigos_fontes: missing resource file './../../PAWEB/deliveryprocesses/Concep&ccedil;&atilde;o_757F1E16.html'
Warning: Artifact:codigos_fontes: missing resource file './../../PAWEB/deliveryprocesses/Elabora&ccedil;&atilde;o_24FFB03.html'
Warning: Artifact:codigos_fontes: missing resource file './../../PAWEB/deliveryprocesses/Constru&ccedil;&atilde;o_4F1185A4.html'
Warning: Artifact:codigos_fontes: missing resource file './../../PAWEB/deliveryprocesses/Valida&ccedil;&atilde;o_A351A7F4.html'
Warning: Role:lider: missing resource file './../../PAWEB/deliveryprocesses/Concep&ccedil;&atilde;o_757F1E16.html'
Warning: Role:lider: missing resource file './../../PAWEB/deliveryprocesses/Elabora&ccedil;&atilde;o_24FFB03.html'
Warning: Role:lider: missing resource file './../../PAWEB/deliveryprocesses/Constru&ccedil;&atilde;o_4F1185A4.html'
Warning: Role:lider: missing resource file './../../PAWEB/deliveryprocesses/Valida&ccedil;&atilde;o_A351A7F4.html'
Warning: Task:12_apresentar_artefatos: missing resource file './../../PAWEB/deliveryprocesses/Concep&ccedil;&atilde;o_757F1E16.html'
Warning: Task:12_apresentar_artefatos: missing resource file './../../PAWEB/deliveryprocesses/Elabora&ccedil;&atilde;o_24FFB03.html'
Warning: Task:12_apresentar_artefatos: missing resource file './../../PAWEB/deliveryprocesses/Constru&ccedil;&atilde;o_4F1185A4.html'
Warning: Task:10_Planejar_reunioes_equipe: missing resource file './../../PAWEB/deliveryprocesses/Concep&ccedil;&atilde;o_757F1E16.html'
Warning: Task:10_Planejar_reunioes_equipe: missing resource file './../../PAWEB/deliveryprocesses/Elabora&ccedil;&atilde;o_24FFB03.html'
Warning: Task:10_Planejar_reunioes_equipe: missing resource file './../../PAWEB/deliveryprocesses/Constru&ccedil;&atilde;o_4F1185A4.html'
Warning: Task:10_Planejar_reunioes_equipe: missing resource file './../../PAWEB/deliveryprocesses/Valida&ccedil;&atilde;o_A351A7F4.html'
Warning: Artifact:ata_de_reunio: missing resource file './../../PAWEB/deliveryprocesses/Concep&ccedil;&atilde;o_757F1E16.html'
Warning: Artifact:ata_de_reunio: missing resource file './../../PAWEB/deliveryprocesses/Elabora&ccedil;&atilde;o_24FFB03.html'
Warning: Artifact:ata_de_reunio: missing resource file './../../PAWEB/deliveryprocesses/Constru&ccedil;&atilde;o_4F1185A4.html'
Warning: Artifact:ata_de_reunio: missing resource file './../../PAWEB/deliveryprocesses/Valida&ccedil;&atilde;o_A351A7F4.html'
